[debug] [2021-08-14T15:14:17.377Z] ----------------------------------------------------------------------
[debug] [2021-08-14T15:14:17.378Z] Command:       /opt/homebrew/Cellar/node/16.4.0/bin/node /opt/homebrew/bin/firebase deploy
[debug] [2021-08-14T15:14:17.378Z] CLI Version:   9.16.5
[debug] [2021-08-14T15:14:17.378Z] Platform:      darwin
[debug] [2021-08-14T15:14:17.378Z] Node Version:  v16.4.0
[debug] [2021-08-14T15:14:17.379Z] Time:          Sun Aug 15 2021 00:14:17 GMT+0900 (日本標準時)
[debug] [2021-08-14T15:14:17.379Z] ----------------------------------------------------------------------
[debug] 
[debug] [2021-08-14T15:14:17.405Z] > command requires scopes: ["email","openid","https://www.googleapis.com/auth/cloudplatformprojects.readonly","https://www.googleapis.com/auth/firebase","https://www.googleapis.com/auth/cloud-platform"]
[debug] [2021-08-14T15:14:17.405Z] > authorizing via signed-in user (rikako240@gmail.com)
[debug] [2021-08-14T15:14:17.405Z] [iam] checking project my-portfolio-a20289 for permissions ["firebase.projects.get","firebasehosting.sites.update"]
[debug] [2021-08-14T15:14:17.406Z] >>> HTTP REQUEST POST https://cloudresourcemanager.googleapis.com/v1/projects/my-portfolio-a20289:testIamPermissions  
 {"permissions":["firebase.projects.get","firebasehosting.sites.update"]}
[debug] [2021-08-14T15:14:18.135Z] <<< HTTP RESPONSE 200 {"content-type":"application/json; charset=UTF-8","vary":"X-Origin, Referer, Origin,Accept-Encoding","date":"Sat, 14 Aug 2021 15:14:18 GMT","server":"ESF","cache-control":"private","x-xss-protection":"0","x-frame-options":"SAMEORIGIN","x-content-type-options":"nosniff","server-timing":"gfet4t7; dur=556","alt-svc":"h3=\":443\"; ma=2592000,h3-29=\":443\"; ma=2592000,h3-T051=\":443\"; ma=2592000,h3-Q050=\":443\"; ma=2592000,h3-Q046=\":443\"; ma=2592000,h3-Q043=\":443\"; ma=2592000,quic=\":443\"; ma=2592000; v=\"46,43\"","accept-ranges":"none","transfer-encoding":"chunked"}
[debug] [2021-08-14T15:14:18.137Z] > refreshing access token with scopes: []
[debug] [2021-08-14T15:14:18.137Z] >>> HTTP REQUEST POST https://www.googleapis.com/oauth2/v3/token  
 <request body omitted>
[debug] [2021-08-14T15:14:18.292Z] <<< HTTP RESPONSE 200 {"cache-control":"no-cache, no-store, max-age=0, must-revalidate","pragma":"no-cache","date":"Sat, 14 Aug 2021 15:14:18 GMT","expires":"Mon, 01 Jan 1990 00:00:00 GMT","content-type":"application/json; charset=utf-8","vary":"X-Origin, Referer, Origin,Accept-Encoding","server":"scaffolding on HTTPServer2","x-xss-protection":"0","x-frame-options":"SAMEORIGIN","x-content-type-options":"nosniff","alt-svc":"h3=\":443\"; ma=2592000,h3-29=\":443\"; ma=2592000,h3-T051=\":443\"; ma=2592000,h3-Q050=\":443\"; ma=2592000,h3-Q046=\":443\"; ma=2592000,h3-Q043=\":443\"; ma=2592000,quic=\":443\"; ma=2592000; v=\"46,43\"","accept-ranges":"none","transfer-encoding":"chunked"}
[debug] [2021-08-14T15:14:18.334Z] >>> [apiv2][query] GET https://firebase.googleapis.com/v1beta1/projects/my-portfolio-a20289 [none]
[debug] [2021-08-14T15:14:18.876Z] <<< [apiv2][status] GET https://firebase.googleapis.com/v1beta1/projects/my-portfolio-a20289 200
[debug] [2021-08-14T15:14:18.877Z] <<< [apiv2][body] GET https://firebase.googleapis.com/v1beta1/projects/my-portfolio-a20289 {"projectId":"my-portfolio-a20289","projectNumber":"136416924855","displayName":"My Portfolio","name":"projects/my-portfolio-a20289","resources":{"hostingSite":"my-portfolio-a20289"},"state":"ACTIVE"}
[info] 
[info] === Deploying to 'my-portfolio-a20289'...
[info] 
[info] i  deploying hosting 
[debug] [2021-08-14T15:14:18.881Z] > refreshing access token with scopes: ["email","https://www.googleapis.com/auth/cloud-platform","https://www.googleapis.com/auth/cloudplatformprojects.readonly","https://www.googleapis.com/auth/firebase","openid"]
[debug] [2021-08-14T15:14:18.881Z] >>> HTTP REQUEST POST https://www.googleapis.com/oauth2/v3/token  
 <request body omitted>
[debug] [2021-08-14T15:14:19.106Z] <<< HTTP RESPONSE 200 {"pragma":"no-cache","date":"Sat, 14 Aug 2021 15:14:19 GMT","expires":"Mon, 01 Jan 1990 00:00:00 GMT","cache-control":"no-cache, no-store, max-age=0, must-revalidate","content-type":"application/json; charset=utf-8","vary":"X-Origin, Referer, Origin,Accept-Encoding","server":"scaffolding on HTTPServer2","x-xss-protection":"0","x-frame-options":"SAMEORIGIN","x-content-type-options":"nosniff","alt-svc":"h3=\":443\"; ma=2592000,h3-29=\":443\"; ma=2592000,h3-T051=\":443\"; ma=2592000,h3-Q050=\":443\"; ma=2592000,h3-Q046=\":443\"; ma=2592000,h3-Q043=\":443\"; ma=2592000,quic=\":443\"; ma=2592000; v=\"46,43\"","accept-ranges":"none","transfer-encoding":"chunked"}
[debug] [2021-08-14T15:14:19.150Z] >>> HTTP REQUEST POST https://firebasehosting.googleapis.com/v1beta1/sites/my-portfolio-a20289/versions  
 {"config":{"rewrites":[{"glob":"**","path":"/index.html"}]},"labels":{"deployment-tool":"cli-firebase"}}
[debug] [2021-08-14T15:14:20.405Z] <<< HTTP RESPONSE 200 {"content-type":"application/json; charset=UTF-8","vary":"X-Origin, Referer, Origin,Accept-Encoding","date":"Sat, 14 Aug 2021 15:14:20 GMT","server":"ESF","cache-control":"private","x-xss-protection":"0","x-frame-options":"SAMEORIGIN","x-content-type-options":"nosniff","alt-svc":"h3=\":443\"; ma=2592000,h3-29=\":443\"; ma=2592000,h3-T051=\":443\"; ma=2592000,h3-Q050=\":443\"; ma=2592000,h3-Q046=\":443\"; ma=2592000,h3-Q043=\":443\"; ma=2592000,quic=\":443\"; ma=2592000; v=\"46,43\"","accept-ranges":"none","transfer-encoding":"chunked"}
[info] i  hosting[my-portfolio-a20289]: beginning deploy... 
[info] i  hosting[my-portfolio-a20289]: found 24 files in build 
[debug] [2021-08-14T15:14:20.536Z] > refreshing access token with scopes: []
[debug] [2021-08-14T15:14:20.536Z] >>> HTTP REQUEST POST https://www.googleapis.com/oauth2/v3/token  
 <request body omitted>
[debug] [2021-08-14T15:14:20.537Z] [hosting] hash cache [YnVpbGQ] stored for 24 files
[debug] [2021-08-14T15:14:20.537Z] [hosting][hash queue][FINAL] {"max":111,"min":11,"avg":17.708333333333332,"active":0,"complete":24,"success":24,"errored":0,"retried":0,"total":24,"elapsed":115}
[debug] [2021-08-14T15:14:20.753Z] <<< HTTP RESPONSE 200 {"date":"Sat, 14 Aug 2021 15:14:20 GMT","expires":"Mon, 01 Jan 1990 00:00:00 GMT","cache-control":"no-cache, no-store, max-age=0, must-revalidate","pragma":"no-cache","content-type":"application/json; charset=utf-8","vary":"X-Origin, Referer, Origin,Accept-Encoding","server":"scaffolding on HTTPServer2","x-xss-protection":"0","x-frame-options":"SAMEORIGIN","x-content-type-options":"nosniff","alt-svc":"h3=\":443\"; ma=2592000,h3-29=\":443\"; ma=2592000,h3-T051=\":443\"; ma=2592000,h3-Q050=\":443\"; ma=2592000,h3-Q046=\":443\"; ma=2592000,h3-Q043=\":443\"; ma=2592000,quic=\":443\"; ma=2592000; v=\"46,43\"","accept-ranges":"none","transfer-encoding":"chunked"}
[debug] [2021-08-14T15:14:20.799Z] >>> [apiv2][query] POST https://firebasehosting.googleapis.com/v1beta1/sites/my-portfolio-a20289/versions/2e849570dd990cbf:populateFiles [none]
[debug] [2021-08-14T15:14:20.800Z] >>> [apiv2][body] POST https://firebasehosting.googleapis.com/v1beta1/sites/my-portfolio-a20289/versions/2e849570dd990cbf:populateFiles {"files":{"/asset-manifest.json":"563c611f5474bb4266caf3fde04c0a7dc6b26ec9d428e7100c355e802ee2533e","/favicon.ico":"b72f7455f00e4e58792d2bca892abb068e2213838c0316d6b7a0d6d16acd1955","/index.html":"59699dc0c439b328dd88e307fec30c72fcc7071ac9d974c1018b8e292fad6310","/manifest.json":"341d52628782f8ac9290bbfc43298afccb47b7cbfcee146ae30cf0f46bc30900","/robots.txt":"391d14b3c2f8c9143a27a28c7399585142228d4d1bdbe2c87ac946de411fa9a2","/logo192.png":"caff018b7f1e8fd481eb1c50d75b0ef236bcd5078b1d15c8bb348453fee30293","/static/css/main.ac5b0926.chunk.css":"6ec5f3ea5211e6b5e8d87593f8b523e3817b4bea2823dee84ed6502e0a923fe9","/logo512.png":"191fc21360b4ccfb1cda11a1efb97f489ed22672ca83f4064316802bbfdd750e","/static/js/2.5aa5bd60.chunk.js.LICENSE.txt":"f7f0c3f0a145488dc92927149c41d2bc5d7395e8280582ff1b0d3b456ac6c8ef","/static/js/3.ca69bb20.chunk.js":"c2761843b7a1b373a3df885820f28615bff5999184f943d5d8e0f30fe6b6dd70","/static/css/main.ac5b0926.chunk.css.map":"79033e27780e01d3e86f36b41ea9a9e51df767afdf25c7ddca1938478e0e5875","/static/js/3.ca69bb20.chunk.js.map":"db62a6d6350245328a5fc5f4159cd536c16baa6919af30af7312f484f82daa62","/static/js/runtime-main.92a4f541.js":"2e6a0d03ffea67ee7bc78f70e75d63d84ff7f5947cad1b4739958ddcca112f21","/static/js/runtime-main.92a4f541.js.map":"105e6e3f5917b5987ce15c99d9a9bb09b8e3e8776368e588ce7ec101178d925b","/static/js/main.4ce10f85.chunk.js":"e0c4c0f716a7bb0b997d454dd9ad569a809c438e490559a61f18e49e585ec936","/static/js/main.4ce10f85.chunk.js.map":"bf3145f262f6d7b0e7a04f76e2c7c0a460f163365f64eb11408884350f83b44d","/static/media/about.149d1592.jpg":"c4d721a2f7967d81882dd2907ce6d068700385f7391c965cbbd0be37cc7fffff","/static/media/menu5.e99c9f95.png":"74a0f8f09394ba39b3dc00af254deb193524f396ce08f61c1e15be05563a67b3","/static/media/contact.597693ce.jpg":"b631d9ce89f25486bb4c26ce6b8fa8a0d67c67c15fb3897e79bcb175f23b062a","/static/media/analysis.0a96ddef.png":"d3030e8c0dc2ea1d7e6c3f5ffb8938ae2b683d882c5aa1e39f3a86522f4cb73c","/static/media/recipe.f4b3e70d.jpg":"ada3d05f1e2e746fb09f1b824921df69477c585ada6af7e9ef75521953e4ddbc","/static/media/linebot.bf32f6cc.jpg":"38da8d4beb54a29ae9c8fbf555c52633aa24b9d49a9480dc6c8386aec11a61d4","/static/js/2.5aa5bd60.chunk.js":"1260cb5c97fe90b6087c41401a98e9abfd68b262cdca94fd3e4c658e867925fa","/static/js/2.5aa5bd60.chunk.js.map":"3440d50850a35876fc5f2a2dc4d33ecabd13fd81eb829ed61cf2aa39ad3ff359"}}
[debug] [2021-08-14T15:14:21.944Z] <<< [apiv2][status] POST https://firebasehosting.googleapis.com/v1beta1/sites/my-portfolio-a20289/versions/2e849570dd990cbf:populateFiles 200
[debug] [2021-08-14T15:14:21.945Z] <<< [apiv2][body] POST https://firebasehosting.googleapis.com/v1beta1/sites/my-portfolio-a20289/versions/2e849570dd990cbf:populateFiles {"uploadRequiredHashes":["563c611f5474bb4266caf3fde04c0a7dc6b26ec9d428e7100c355e802ee2533e","59699dc0c439b328dd88e307fec30c72fcc7071ac9d974c1018b8e292fad6310","e0c4c0f716a7bb0b997d454dd9ad569a809c438e490559a61f18e49e585ec936","bf3145f262f6d7b0e7a04f76e2c7c0a460f163365f64eb11408884350f83b44d"],"uploadUrl":"https://upload-firebasehosting.googleapis.com/upload/sites/my-portfolio-a20289/versions/2e849570dd990cbf/files"}
[debug] [2021-08-14T15:14:21.947Z] >>> [apiv2][query] POST https://upload-firebasehosting.googleapis.com/upload/sites/my-portfolio-a20289/versions/2e849570dd990cbf/files/563c611f5474bb4266caf3fde04c0a7dc6b26ec9d428e7100c355e802ee2533e [none]
[debug] [2021-08-14T15:14:21.947Z] >>> [apiv2][body] POST https://upload-firebasehosting.googleapis.com/upload/sites/my-portfolio-a20289/versions/2e849570dd990cbf/files/563c611f5474bb4266caf3fde04c0a7dc6b26ec9d428e7100c355e802ee2533e [stream]
[debug] [2021-08-14T15:14:21.948Z] >>> [apiv2][query] POST https://upload-firebasehosting.googleapis.com/upload/sites/my-portfolio-a20289/versions/2e849570dd990cbf/files/59699dc0c439b328dd88e307fec30c72fcc7071ac9d974c1018b8e292fad6310 [none]
[debug] [2021-08-14T15:14:21.949Z] >>> [apiv2][body] POST https://upload-firebasehosting.googleapis.com/upload/sites/my-portfolio-a20289/versions/2e849570dd990cbf/files/59699dc0c439b328dd88e307fec30c72fcc7071ac9d974c1018b8e292fad6310 [stream]
[debug] [2021-08-14T15:14:21.949Z] >>> [apiv2][query] POST https://upload-firebasehosting.googleapis.com/upload/sites/my-portfolio-a20289/versions/2e849570dd990cbf/files/e0c4c0f716a7bb0b997d454dd9ad569a809c438e490559a61f18e49e585ec936 [none]
[debug] [2021-08-14T15:14:21.949Z] >>> [apiv2][body] POST https://upload-firebasehosting.googleapis.com/upload/sites/my-portfolio-a20289/versions/2e849570dd990cbf/files/e0c4c0f716a7bb0b997d454dd9ad569a809c438e490559a61f18e49e585ec936 [stream]
[debug] [2021-08-14T15:14:21.951Z] >>> [apiv2][query] POST https://upload-firebasehosting.googleapis.com/upload/sites/my-portfolio-a20289/versions/2e849570dd990cbf/files/bf3145f262f6d7b0e7a04f76e2c7c0a460f163365f64eb11408884350f83b44d [none]
[debug] [2021-08-14T15:14:21.951Z] >>> [apiv2][body] POST https://upload-firebasehosting.googleapis.com/upload/sites/my-portfolio-a20289/versions/2e849570dd990cbf/files/bf3145f262f6d7b0e7a04f76e2c7c0a460f163365f64eb11408884350f83b44d [stream]
[debug] [2021-08-14T15:14:21.952Z] [hosting][populate queue][FINAL] {"max":1411,"min":1411,"avg":1411,"active":0,"complete":1,"success":1,"errored":0,"retried":0,"total":1,"elapsed":1416}
[debug] [2021-08-14T15:14:21.953Z] [hosting] uploads queued: 4
